GowinSynthesis start
Running parser ...
Analyzing Verilog file 'E:\Gowin\Project_Contest\GOWIN-138K-AE350\FPGA_design\ae350_demo\src\ae350_demo_ahb.v'
Undeclared symbol 'RAM_FPGA_DONE', assumed default net type 'wire'("E:\Gowin\Project_Contest\GOWIN-138K-AE350\FPGA_design\ae350_demo\src\ae350_demo_ahb.v":300)
Analyzing Verilog file 'E:\Gowin\Project_Contest\GOWIN-138K-AE350\FPGA_design\ae350_demo\src\ahb_to_ahb_16_bridge\ahb_to_ahb_16_bridge.v'
Analyzing Verilog file 'E:\Gowin\Project_Contest\GOWIN-138K-AE350\FPGA_design\ae350_demo\src\gowin_dpb\gowin_dpb.v'
Analyzing Verilog file 'E:\Gowin\Project_Contest\GOWIN-138K-AE350\FPGA_design\ae350_demo\src\gowin_pll_ae350\gowin_pll_ae350.v'
Analyzing Verilog file 'E:\Gowin\Project_Contest\GOWIN-138K-AE350\FPGA_design\ae350_demo\src\gowin_pll_ddr3\gowin_pll_ddr3.v'
Analyzing Verilog file 'E:\Gowin\Project_Contest\GOWIN-138K-AE350\FPGA_design\ae350_demo\src\gw_ahb_ram.v'
Analyzing Verilog file 'E:\Gowin\Project_Contest\GOWIN-138K-AE350\FPGA_design\ae350_demo\src\key_debounce.v'
Analyzing Verilog file 'E:\Gowin\Project_Contest\GOWIN-138K-AE350\FPGA_design\ae350_demo\src\key_wr_ram_test.v'
Analyzing Verilog file 'E:\Gowin\Project_Contest\GOWIN-138K-AE350\FPGA_design\ae350_demo\src\riscv_ae350_soc\riscv_ae350_soc.v'
WARN  (EX3073) : Port 'SPI_HOLDN' remains unconnected for this instance("E:\Gowin\Project_Contest\GOWIN-138K-AE350\FPGA_design\ae350_demo\src\ae350_demo_ahb.v":308)
Compiling module 'ae350_demo_top'("E:\Gowin\Project_Contest\GOWIN-138K-AE350\FPGA_design\ae350_demo\src\ae350_demo_ahb.v":2)
Compiling module 'Gowin_PLL_AE350'("E:\Gowin\Project_Contest\GOWIN-138K-AE350\FPGA_design\ae350_demo\src\gowin_pll_ae350\gowin_pll_ae350.v":10)
Compiling module 'Gowin_PLL_DDR3'("E:\Gowin\Project_Contest\GOWIN-138K-AE350\FPGA_design\ae350_demo\src\gowin_pll_ddr3\gowin_pll_ddr3.v":10)
Compiling module 'key_debounce'("E:\Gowin\Project_Contest\GOWIN-138K-AE350\FPGA_design\ae350_demo\src\key_debounce.v":3)
Compiling module 'AHB_to_AHB_16_Bridge_Top'("E:\Gowin\Project_Contest\GOWIN-138K-AE350\FPGA_design\ae350_demo\src\ahb_to_ahb_16_bridge\ahb_to_ahb_16_bridge.v":156)
Compiling module '**'("E:\Gowin\Project_Contest\GOWIN-138K-AE350\FPGA_design\ae350_demo\src\ahb_to_ahb_16_bridge\ahb_to_ahb_16_bridge.v":155)
Compiling module 'key_wr_ram_test'("E:\Gowin\Project_Contest\GOWIN-138K-AE350\FPGA_design\ae350_demo\src\key_wr_ram_test.v":1)
Compiling module 'gw_ahb_ram'("E:\Gowin\Project_Contest\GOWIN-138K-AE350\FPGA_design\ae350_demo\src\gw_ahb_ram.v":10)
WARN  (EX3780) : Using initial value of 'ocea' since it is never assigned("E:\Gowin\Project_Contest\GOWIN-138K-AE350\FPGA_design\ae350_demo\src\gw_ahb_ram.v":144)
WARN  (EX3780) : Using initial value of 'oceb' since it is never assigned("E:\Gowin\Project_Contest\GOWIN-138K-AE350\FPGA_design\ae350_demo\src\gw_ahb_ram.v":145)
Compiling module 'Gowin_DPB'("E:\Gowin\Project_Contest\GOWIN-138K-AE350\FPGA_design\ae350_demo\src\gowin_dpb\gowin_dpb.v":10)
WARN  (EX3670) : Actual bit length 1 differs from formal bit length 2 for port 'AHB_HRESP'("E:\Gowin\Project_Contest\GOWIN-138K-AE350\FPGA_design\ae350_demo\src\ae350_demo_ahb.v":211)
Compiling module 'RiscV_AE350_SOC_Top'("E:\Gowin\Project_Contest\GOWIN-138K-AE350\FPGA_design\ae350_demo\src\riscv_ae350_soc\riscv_ae350_soc.v":58361)
Compiling module '**'("E:\Gowin\Project_Contest\GOWIN-138K-AE350\FPGA_design\ae350_demo\src\riscv_ae350_soc\riscv_ae350_soc.v":58360)
WARN  (EX3670) : Actual bit length 14 differs from formal bit length 32 for port 'GPIO'("E:\Gowin\Project_Contest\GOWIN-138K-AE350\FPGA_design\ae350_demo\src\ae350_demo_ahb.v":300)
WARN  (EX2565) : Input 'UART2_CTSN' on this instance is undriven. Assigning to 0, simulation mismatch possible. Please assign the input or remove the declaration("E:\Gowin\Project_Contest\GOWIN-138K-AE350\FPGA_design\ae350_demo\src\ae350_demo_ahb.v":308)
WARN  (EX2565) : Input 'UART2_DCDN' on this instance is undriven. Assigning to 0, simulation mismatch possible. Please assign the input or remove the declaration("E:\Gowin\Project_Contest\GOWIN-138K-AE350\FPGA_design\ae350_demo\src\ae350_demo_ahb.v":308)
WARN  (EX2565) : Input 'UART2_DSRN' on this instance is undriven. Assigning to 0, simulation mismatch possible. Please assign the input or remove the declaration("E:\Gowin\Project_Contest\GOWIN-138K-AE350\FPGA_design\ae350_demo\src\ae350_demo_ahb.v":308)
WARN  (EX2565) : Input 'UART2_RIN' on this instance is undriven. Assigning to 0, simulation mismatch possible. Please assign the input or remove the declaration("E:\Gowin\Project_Contest\GOWIN-138K-AE350\FPGA_design\ae350_demo\src\ae350_demo_ahb.v":308)
NOTE  (EX0101) : Current top module is "ae350_demo_top"
[5%] Running netlist conversion ...
WARN  (CV0023) : Sweep user defined iobuf instance "SPI_HOLDN_iobuf" with dangling iopin("E:\Gowin\Project_Contest\GOWIN-138K-AE350\FPGA_design\ae350_demo\src\riscv_ae350_soc\riscv_ae350_soc.v":58617)
WARN  (CV0023) : Sweep user defined iobuf instance "SPI_WPN_iobuf" with dangling iopin("E:\Gowin\Project_Contest\GOWIN-138K-AE350\FPGA_design\ae350_demo\src\riscv_ae350_soc\riscv_ae350_soc.v":58623)
WARN  (CV0023) : Sweep user defined iobuf instance "GPIO_13_iobuf" with dangling iopin("E:\Gowin\Project_Contest\GOWIN-138K-AE350\FPGA_design\ae350_demo\src\riscv_ae350_soc\riscv_ae350_soc.v":58743)
WARN  (CV0023) : Sweep user defined iobuf instance "GPIO_14_iobuf" with dangling iopin("E:\Gowin\Project_Contest\GOWIN-138K-AE350\FPGA_design\ae350_demo\src\riscv_ae350_soc\riscv_ae350_soc.v":58749)
WARN  (CV0023) : Sweep user defined iobuf instance "GPIO_15_iobuf" with dangling iopin("E:\Gowin\Project_Contest\GOWIN-138K-AE350\FPGA_design\ae350_demo\src\riscv_ae350_soc\riscv_ae350_soc.v":58755)
WARN  (CV0023) : Sweep user defined iobuf instance "GPIO_16_iobuf" with dangling iopin("E:\Gowin\Project_Contest\GOWIN-138K-AE350\FPGA_design\ae350_demo\src\riscv_ae350_soc\riscv_ae350_soc.v":58761)
WARN  (CV0023) : Sweep user defined iobuf instance "GPIO_17_iobuf" with dangling iopin("E:\Gowin\Project_Contest\GOWIN-138K-AE350\FPGA_design\ae350_demo\src\riscv_ae350_soc\riscv_ae350_soc.v":58767)
WARN  (CV0023) : Sweep user defined iobuf instance "GPIO_18_iobuf" with dangling iopin("E:\Gowin\Project_Contest\GOWIN-138K-AE350\FPGA_design\ae350_demo\src\riscv_ae350_soc\riscv_ae350_soc.v":58773)
WARN  (CV0023) : Sweep user defined iobuf instance "GPIO_19_iobuf" with dangling iopin("E:\Gowin\Project_Contest\GOWIN-138K-AE350\FPGA_design\ae350_demo\src\riscv_ae350_soc\riscv_ae350_soc.v":58779)
WARN  (CV0023) : Sweep user defined iobuf instance "GPIO_20_iobuf" with dangling iopin("E:\Gowin\Project_Contest\GOWIN-138K-AE350\FPGA_design\ae350_demo\src\riscv_ae350_soc\riscv_ae350_soc.v":58785)
WARN  (CV0023) : Sweep user defined iobuf instance "GPIO_21_iobuf" with dangling iopin("E:\Gowin\Project_Contest\GOWIN-138K-AE350\FPGA_design\ae350_demo\src\riscv_ae350_soc\riscv_ae350_soc.v":58791)
WARN  (CV0023) : Sweep user defined iobuf instance "GPIO_22_iobuf" with dangling iopin("E:\Gowin\Project_Contest\GOWIN-138K-AE350\FPGA_design\ae350_demo\src\riscv_ae350_soc\riscv_ae350_soc.v":58797)
WARN  (CV0023) : Sweep user defined iobuf instance "GPIO_23_iobuf" with dangling iopin("E:\Gowin\Project_Contest\GOWIN-138K-AE350\FPGA_design\ae350_demo\src\riscv_ae350_soc\riscv_ae350_soc.v":58803)
WARN  (CV0023) : Sweep user defined iobuf instance "GPIO_24_iobuf" with dangling iopin("E:\Gowin\Project_Contest\GOWIN-138K-AE350\FPGA_design\ae350_demo\src\riscv_ae350_soc\riscv_ae350_soc.v":58809)
WARN  (CV0023) : Sweep user defined iobuf instance "GPIO_25_iobuf" with dangling iopin("E:\Gowin\Project_Contest\GOWIN-138K-AE350\FPGA_design\ae350_demo\src\riscv_ae350_soc\riscv_ae350_soc.v":58815)
WARN  (CV0023) : Sweep user defined iobuf instance "GPIO_26_iobuf" with dangling iopin("E:\Gowin\Project_Contest\GOWIN-138K-AE350\FPGA_design\ae350_demo\src\riscv_ae350_soc\riscv_ae350_soc.v":58821)
WARN  (CV0023) : Sweep user defined iobuf instance "GPIO_27_iobuf" with dangling iopin("E:\Gowin\Project_Contest\GOWIN-138K-AE350\FPGA_design\ae350_demo\src\riscv_ae350_soc\riscv_ae350_soc.v":58827)
WARN  (CV0023) : Sweep user defined iobuf instance "GPIO_28_iobuf" with dangling iopin("E:\Gowin\Project_Contest\GOWIN-138K-AE350\FPGA_design\ae350_demo\src\riscv_ae350_soc\riscv_ae350_soc.v":58833)
WARN  (CV0023) : Sweep user defined iobuf instance "GPIO_29_iobuf" with dangling iopin("E:\Gowin\Project_Contest\GOWIN-138K-AE350\FPGA_design\ae350_demo\src\riscv_ae350_soc\riscv_ae350_soc.v":58839)
WARN  (CV0023) : Sweep user defined iobuf instance "GPIO_30_iobuf" with dangling iopin("E:\Gowin\Project_Contest\GOWIN-138K-AE350\FPGA_design\ae350_demo\src\riscv_ae350_soc\riscv_ae350_soc.v":58845)
WARN  (CV0023) : Sweep user defined iobuf instance "GPIO_31_iobuf" with dangling iopin("E:\Gowin\Project_Contest\GOWIN-138K-AE350\FPGA_design\ae350_demo\src\riscv_ae350_soc\riscv_ae350_soc.v":58851)
Running device independent optimization ...
[10%] Optimizing Phase 0 completed
[15%] Optimizing Phase 1 completed
[25%] Optimizing Phase 2 completed
Running inference ...
[30%] Inferring Phase 0 completed
[40%] Inferring Phase 1 completed
[50%] Inferring Phase 2 completed
[55%] Inferring Phase 3 completed
Running technical mapping ...
[60%] Tech-Mapping Phase 0 completed
[65%] Tech-Mapping Phase 1 completed
[75%] Tech-Mapping Phase 2 completed
[80%] Tech-Mapping Phase 3 completed
[90%] Tech-Mapping Phase 4 completed
WARN  (NL0002) : The module "gw_inout_pad_18" instantiated to "gpio_13_pad" is swept in optimizing("E:\Gowin\Project_Contest\GOWIN-138K-AE350\FPGA_design\ae350_demo\src\riscv_ae350_soc\riscv_ae350_soc.v":58360)
WARN  (NL0002) : The module "gw_inout_pad_19" instantiated to "gpio_14_pad" is swept in optimizing("E:\Gowin\Project_Contest\GOWIN-138K-AE350\FPGA_design\ae350_demo\src\riscv_ae350_soc\riscv_ae350_soc.v":58360)
WARN  (NL0002) : The module "gw_inout_pad_20" instantiated to "gpio_15_pad" is swept in optimizing("E:\Gowin\Project_Contest\GOWIN-138K-AE350\FPGA_design\ae350_demo\src\riscv_ae350_soc\riscv_ae350_soc.v":58360)
WARN  (NL0002) : The module "gw_inout_pad_21" instantiated to "gpio_16_pad" is swept in optimizing("E:\Gowin\Project_Contest\GOWIN-138K-AE350\FPGA_design\ae350_demo\src\riscv_ae350_soc\riscv_ae350_soc.v":58360)
WARN  (NL0002) : The module "gw_inout_pad_22" instantiated to "gpio_17_pad" is swept in optimizing("E:\Gowin\Project_Contest\GOWIN-138K-AE350\FPGA_design\ae350_demo\src\riscv_ae350_soc\riscv_ae350_soc.v":58360)
WARN  (NL0002) : The module "gw_inout_pad_23" instantiated to "gpio_18_pad" is swept in optimizing("E:\Gowin\Project_Contest\GOWIN-138K-AE350\FPGA_design\ae350_demo\src\riscv_ae350_soc\riscv_ae350_soc.v":58360)
WARN  (NL0002) : The module "gw_inout_pad_24" instantiated to "gpio_19_pad" is swept in optimizing("E:\Gowin\Project_Contest\GOWIN-138K-AE350\FPGA_design\ae350_demo\src\riscv_ae350_soc\riscv_ae350_soc.v":58360)
WARN  (NL0002) : The module "gw_inout_pad_25" instantiated to "gpio_20_pad" is swept in optimizing("E:\Gowin\Project_Contest\GOWIN-138K-AE350\FPGA_design\ae350_demo\src\riscv_ae350_soc\riscv_ae350_soc.v":58360)
WARN  (NL0002) : The module "gw_inout_pad_26" instantiated to "gpio_21_pad" is swept in optimizing("E:\Gowin\Project_Contest\GOWIN-138K-AE350\FPGA_design\ae350_demo\src\riscv_ae350_soc\riscv_ae350_soc.v":58360)
WARN  (NL0002) : The module "gw_inout_pad_27" instantiated to "gpio_22_pad" is swept in optimizing("E:\Gowin\Project_Contest\GOWIN-138K-AE350\FPGA_design\ae350_demo\src\riscv_ae350_soc\riscv_ae350_soc.v":58360)
WARN  (NL0002) : The module "gw_inout_pad_28" instantiated to "gpio_23_pad" is swept in optimizing("E:\Gowin\Project_Contest\GOWIN-138K-AE350\FPGA_design\ae350_demo\src\riscv_ae350_soc\riscv_ae350_soc.v":58360)
WARN  (NL0002) : The module "gw_inout_pad_29" instantiated to "gpio_24_pad" is swept in optimizing("E:\Gowin\Project_Contest\GOWIN-138K-AE350\FPGA_design\ae350_demo\src\riscv_ae350_soc\riscv_ae350_soc.v":58360)
WARN  (NL0002) : The module "gw_inout_pad_30" instantiated to "gpio_25_pad" is swept in optimizing("E:\Gowin\Project_Contest\GOWIN-138K-AE350\FPGA_design\ae350_demo\src\riscv_ae350_soc\riscv_ae350_soc.v":58360)
WARN  (NL0002) : The module "gw_inout_pad_31" instantiated to "gpio_26_pad" is swept in optimizing("E:\Gowin\Project_Contest\GOWIN-138K-AE350\FPGA_design\ae350_demo\src\riscv_ae350_soc\riscv_ae350_soc.v":58360)
WARN  (NL0002) : The module "gw_inout_pad_32" instantiated to "gpio_27_pad" is swept in optimizing("E:\Gowin\Project_Contest\GOWIN-138K-AE350\FPGA_design\ae350_demo\src\riscv_ae350_soc\riscv_ae350_soc.v":58360)
WARN  (NL0002) : The module "gw_inout_pad_33" instantiated to "gpio_28_pad" is swept in optimizing("E:\Gowin\Project_Contest\GOWIN-138K-AE350\FPGA_design\ae350_demo\src\riscv_ae350_soc\riscv_ae350_soc.v":58360)
WARN  (NL0002) : The module "gw_inout_pad_34" instantiated to "gpio_29_pad" is swept in optimizing("E:\Gowin\Project_Contest\GOWIN-138K-AE350\FPGA_design\ae350_demo\src\riscv_ae350_soc\riscv_ae350_soc.v":58360)
WARN  (NL0002) : The module "gw_inout_pad_35" instantiated to "gpio_30_pad" is swept in optimizing("E:\Gowin\Project_Contest\GOWIN-138K-AE350\FPGA_design\ae350_demo\src\riscv_ae350_soc\riscv_ae350_soc.v":58360)
WARN  (NL0002) : The module "gw_inout_pad_36" instantiated to "gpio_31_pad" is swept in optimizing("E:\Gowin\Project_Contest\GOWIN-138K-AE350\FPGA_design\ae350_demo\src\riscv_ae350_soc\riscv_ae350_soc.v":58360)
WARN  (NL0002) : The module "gw_inout_pad_3" instantiated to "spi_holdn_pad" is swept in optimizing("E:\Gowin\Project_Contest\GOWIN-138K-AE350\FPGA_design\ae350_demo\src\riscv_ae350_soc\riscv_ae350_soc.v":58360)
WARN  (NL0002) : The module "gw_inout_pad_4" instantiated to "spi_wpn_pad" is swept in optimizing("E:\Gowin\Project_Contest\GOWIN-138K-AE350\FPGA_design\ae350_demo\src\riscv_ae350_soc\riscv_ae350_soc.v":58360)
[95%] Generate netlist file "E:\Gowin\Project_Contest\GOWIN-138K-AE350\FPGA_design\ae350_demo\impl\gwsynthesis\ae350_demo.vg" completed
[100%] Generate report file "E:\Gowin\Project_Contest\GOWIN-138K-AE350\FPGA_design\ae350_demo\impl\gwsynthesis\ae350_demo_syn.rpt.html" completed
GowinSynthesis finish
